<?xml version="1.0" encoding="UTF-8"?>
<!-- Generated by org.testng.reporters.JUnitReportReporter -->
<testsuite skipped="0" hostname="LAP0012" name="com.qa.scrp.TestCases.MainTest" tests="1" failures="0" timestamp="2020-01-21T15:10:24 PKT" time="252.722" errors="0">
  <testcase name="get_Link" time="252.722" classname="com.qa.scrp.TestCases.MainTest"/>
</testsuite> <!-- com.qa.scrp.TestCases.MainTest -->
